# JRE version: OpenJDK Runtime Environment (21.0.9) (build 21.0.9+-14787801-b1163.94)
# Java VM: OpenJDK 64-Bit Server VM (21.0.9+-14787801-b1163.94, mixed mode, tiered, compressed oops, compressed class ptrs, g1 gc, windows-amd64)
GC Precious Log:
 CardTable entry size: 512
 Card Set container configuration: InlinePtr #cards 5 size 8 Array Of Cards #cards 12 size 40 Howl #buckets 4 coarsen threshold 1843 Howl Bitmap #cards 512 size 80 coarsen threshold 460 Card regions per heap region 1 cards per card region 2048
 CPUs: 8 total, 8 available
 Memory: 7998M
 Large Page Support: Disabled
 NUMA Support: Disabled
 Compressed Oops: Enabled (32-bit)
 Heap Region Size: 1M
 Heap Min Capacity: 8M
 Heap Initial Capacity: 126M
 Heap Max Capacity: 2G
 Pre-touch: Disabled
 Parallel Workers: 8
 Concurrent Workers: 2
 Concurrent Refinement Workers: 8
 Periodic GC: Disabled
Heap:
 garbage-first heap   total 133120K, used 95393K [0x0000000080000000, 0x0000000100000000)
  region size 1024K, 12 young (12288K), 4 survivors (4096K)
 Metaspace       used 80037K, committed 81984K, reserved 1179648K
  class space    used 11347K, committed 12288K, reserved 1048576K
GC Heap History (20 events):
Event: 14.138 GC heap before
{Heap before GC invocations=19 (full 0):
 garbage-first heap   total 113664K, used 92607K [0x0000000080000000, 0x0000000100000000)
  region size 1024K, 37 young (37888K), 5 survivors (5120K)
 Metaspace       used 56374K, committed 57984K, reserved 1114112K
  class space    used 8005K, committed 8768K, reserved 1048576K
}
Event: 14.146 GC heap after
{Heap after GC invocations=20 (full 0):
 garbage-first heap   total 113664K, used 62054K [0x0000000080000000, 0x0000000100000000)
  region size 1024K, 2 young (2048K), 2 survivors (2048K)
 Metaspace       used 56374K, committed 57984K, reserved 1114112K
  class space    used 8005K, committed 8768K, reserved 1048576K
}
Event: 14.936 GC heap before
{Heap before GC invocations=21 (full 0):
 garbage-first heap   total 113664K, used 96870K [0x0000000080000000, 0x0000000100000000)
  region size 1024K, 35 young (35840K), 2 survivors (2048K)
 Metaspace       used 57205K, committed 58752K, reserved 1114112K
  class space    used 8118K, committed 8832K, reserved 1048576K
}
Event: 14.944 GC heap after
{Heap after GC invocations=22 (full 0):
 garbage-first heap   total 113664K, used 69265K [0x0000000080000000, 0x0000000100000000)
  region size 1024K, 5 young (5120K), 5 survivors (5120K)
 Metaspace       used 57205K, committed 58752K, reserved 1114112K
  class space    used 8118K, committed 8832K, reserved 1048576K
}
Event: 15.549 GC heap before
{Heap before GC invocations=22 (full 0):
 garbage-first heap   total 113664K, used 98961K [0x0000000080000000, 0x0000000100000000)
  region size 1024K, 34 young (34816K), 5 survivors (5120K)
 Metaspace       used 58719K, committed 60352K, reserved 1114112K
  class space    used 8329K, committed 9088K, reserved 1048576K
}
Event: 15.556 GC heap after
{Heap after GC invocations=23 (full 0):
 garbage-first heap   total 113664K, used 71139K [0x0000000080000000, 0x0000000100000000)
  region size 1024K, 3 young (3072K), 3 survivors (3072K)
 Metaspace       used 58719K, committed 60352K, reserved 1114112K
  class space    used 8329K, committed 9088K, reserved 1048576K
}
Event: 15.952 GC heap before
{Heap before GC invocations=23 (full 0):
 garbage-first heap   total 113664K, used 99811K [0x0000000080000000, 0x0000000100000000)
  region size 1024K, 31 young (31744K), 3 survivors (3072K)
 Metaspace       used 59792K, committed 61568K, reserved 1114112K
  class space    used 8520K, committed 9344K, reserved 1048576K
}
Event: 15.956 GC heap after
{Heap after GC invocations=24 (full 0):
 garbage-first heap   total 113664K, used 71854K [0x0000000080000000, 0x0000000100000000)
  region size 1024K, 3 young (3072K), 3 survivors (3072K)
 Metaspace       used 59792K, committed 61568K, reserved 1114112K
  class space    used 8520K, committed 9344K, reserved 1048576K
}
Event: 16.889 GC heap before
{Heap before GC invocations=25 (full 0):
 garbage-first heap   total 121856K, used 100526K [0x0000000080000000, 0x0000000100000000)
  region size 1024K, 32 young (32768K), 3 survivors (3072K)
 Metaspace       used 62999K, committed 64704K, reserved 1114112K
  class space    used 8990K, committed 9792K, reserved 1048576K
}
Event: 16.893 GC heap after
{Heap after GC invocations=26 (full 0):
 garbage-first heap   total 121856K, used 73540K [0x0000000080000000, 0x0000000100000000)
  region size 1024K, 3 young (3072K), 3 survivors (3072K)
 Metaspace       used 62999K, committed 64704K, reserved 1114112K
  class space    used 8990K, committed 9792K, reserved 1048576K
}
Event: 17.858 GC heap before
{Heap before GC invocations=26 (full 0):
 garbage-first heap   total 121856K, used 109380K [0x0000000080000000, 0x0000000100000000)
  region size 1024K, 38 young (38912K), 3 survivors (3072K)
 Metaspace       used 67814K, committed 69632K, reserved 1114112K
  class space    used 9685K, committed 10560K, reserved 1048576K
}
Event: 17.864 GC heap after
{Heap after GC invocations=27 (full 0):
 garbage-first heap   total 121856K, used 75102K [0x0000000080000000, 0x0000000100000000)
  region size 1024K, 5 young (5120K), 5 survivors (5120K)
 Metaspace       used 67814K, committed 69632K, reserved 1114112K
  class space    used 9685K, committed 10560K, reserved 1048576K
}
Event: 19.053 GC heap before
{Heap before GC invocations=27 (full 0):
 garbage-first heap   total 121856K, used 110942K [0x0000000080000000, 0x0000000100000000)
  region size 1024K, 40 young (40960K), 5 survivors (5120K)
 Metaspace       used 71620K, committed 73536K, reserved 1114112K
  class space    used 10284K, committed 11200K, reserved 1048576K
}
Event: 19.060 GC heap after
{Heap after GC invocations=28 (full 0):
 garbage-first heap   total 121856K, used 77088K [0x0000000080000000, 0x0000000100000000)
  region size 1024K, 5 young (5120K), 5 survivors (5120K)
 Metaspace       used 71620K, committed 73536K, reserved 1114112K
  class space    used 10284K, committed 11200K, reserved 1048576K
}
Event: 20.904 GC heap before
{Heap before GC invocations=29 (full 0):
 garbage-first heap   total 132096K, used 109856K [0x0000000080000000, 0x0000000100000000)
  region size 1024K, 38 young (38912K), 5 survivors (5120K)
 Metaspace       used 77925K, committed 79872K, reserved 1179648K
  class space    used 11153K, committed 12096K, reserved 1048576K
}
Event: 20.912 GC heap after
{Heap after GC invocations=30 (full 0):
 garbage-first heap   total 132096K, used 80341K [0x0000000080000000, 0x0000000100000000)
  region size 1024K, 5 young (5120K), 5 survivors (5120K)
 Metaspace       used 77925K, committed 79872K, reserved 1179648K
  class space    used 11153K, committed 12096K, reserved 1048576K
}
Event: 22.884 GC heap before
{Heap before GC invocations=30 (full 0):
 garbage-first heap   total 132096K, used 120277K [0x0000000080000000, 0x0000000100000000)
  region size 1024K, 44 young (45056K), 5 survivors (5120K)
 Metaspace       used 79842K, committed 81792K, reserved 1179648K
  class space    used 11347K, committed 12288K, reserved 1048576K
}
Event: 22.897 GC heap after
{Heap after GC invocations=31 (full 0):
 garbage-first heap   total 133120K, used 85459K [0x0000000080000000, 0x0000000100000000)
  region size 1024K, 6 young (6144K), 6 survivors (6144K)
 Metaspace       used 79842K, committed 81792K, reserved 1179648K
  class space    used 11347K, committed 12288K, reserved 1048576K
}
Event: 23.113 GC heap before
{Heap before GC invocations=31 (full 0):
 garbage-first heap   total 133120K, used 119251K [0x0000000080000000, 0x0000000100000000)
  region size 1024K, 40 young (40960K), 6 survivors (6144K)
 Metaspace       used 79959K, committed 81920K, reserved 1179648K
  class space    used 11347K, committed 12288K, reserved 1048576K
}
Event: 23.121 GC heap after
{Heap after GC invocations=32 (full 0):
 garbage-first heap   total 133120K, used 88225K [0x0000000080000000, 0x0000000100000000)
  region size 1024K, 4 young (4096K), 4 survivors (4096K)
 Metaspace       used 79959K, committed 81920K, reserved 1179648K
  class space    used 11347K, committed 12288K, reserved 1048576K
}

