# JRE version: OpenJDK Runtime Environment (21.0.9) (build 21.0.9+-14787801-b1163.94)
# Java VM: OpenJDK 64-Bit Server VM (21.0.9+-14787801-b1163.94, mixed mode, tiered, compressed oops, compressed class ptrs, g1 gc, windows-amd64)
GC Precious Log:
 CardTable entry size: 512
 Card Set container configuration: InlinePtr #cards 5 size 8 Array Of Cards #cards 12 size 40 Howl #buckets 4 coarsen threshold 1843 Howl Bitmap #cards 512 size 80 coarsen threshold 460 Card regions per heap region 1 cards per card region 2048
 CPUs: 8 total, 8 available
 Memory: 7998M
 Large Page Support: Disabled
 NUMA Support: Disabled
 Compressed Oops: Enabled (32-bit)
 Heap Region Size: 1M
 Heap Min Capacity: 8M
 Heap Initial Capacity: 126M
 Heap Max Capacity: 2G
 Pre-touch: Disabled
 Parallel Workers: 8
 Concurrent Workers: 2
 Concurrent Refinement Workers: 8
 Periodic GC: Disabled
Heap:
 garbage-first heap   total 205824K, used 174166K [0x0000000080000000, 0x0000000100000000)
  region size 1024K, 66 young (67584K), 8 survivors (8192K)
 Metaspace       used 123260K, committed 125248K, reserved 1179648K
  class space    used 16913K, committed 17856K, reserved 1048576K
GC Heap History (20 events):
Event: 18.495 GC heap before
{Heap before GC invocations=22 (full 0):
 garbage-first heap   total 130048K, used 112857K [0x0000000080000000, 0x0000000100000000)
  region size 1024K, 41 young (41984K), 6 survivors (6144K)
 Metaspace       used 74847K, committed 76736K, reserved 1114112K
  class space    used 10631K, committed 11520K, reserved 1048576K
}
Event: 18.503 GC heap after
{Heap after GC invocations=23 (full 0):
 garbage-first heap   total 130048K, used 79111K [0x0000000080000000, 0x0000000100000000)
  region size 1024K, 5 young (5120K), 5 survivors (5120K)
 Metaspace       used 74847K, committed 76736K, reserved 1114112K
  class space    used 10631K, committed 11520K, reserved 1048576K
}
Event: 19.676 GC heap before
{Heap before GC invocations=23 (full 0):
 garbage-first heap   total 130048K, used 120071K [0x0000000080000000, 0x0000000100000000)
  region size 1024K, 45 young (46080K), 5 survivors (5120K)
 Metaspace       used 79100K, committed 80960K, reserved 1179648K
  class space    used 11327K, committed 12224K, reserved 1048576K
}
Event: 19.686 GC heap after
{Heap after GC invocations=24 (full 0):
 garbage-first heap   total 130048K, used 80673K [0x0000000080000000, 0x0000000100000000)
  region size 1024K, 5 young (5120K), 5 survivors (5120K)
 Metaspace       used 79100K, committed 80960K, reserved 1179648K
  class space    used 11327K, committed 12224K, reserved 1048576K
}
Event: 20.961 GC heap before
{Heap before GC invocations=24 (full 0):
 garbage-first heap   total 130048K, used 120609K [0x0000000080000000, 0x0000000100000000)
  region size 1024K, 44 young (45056K), 5 survivors (5120K)
 Metaspace       used 86041K, committed 87936K, reserved 1179648K
  class space    used 12626K, committed 13504K, reserved 1048576K
}
Event: 20.968 GC heap after
{Heap after GC invocations=25 (full 0):
 garbage-first heap   total 130048K, used 81891K [0x0000000080000000, 0x0000000100000000)
  region size 1024K, 4 young (4096K), 4 survivors (4096K)
 Metaspace       used 86041K, committed 87936K, reserved 1179648K
  class space    used 12626K, committed 13504K, reserved 1048576K
}
Event: 22.167 GC heap before
{Heap before GC invocations=26 (full 0):
 garbage-first heap   total 138240K, used 120803K [0x0000000080000000, 0x0000000100000000)
  region size 1024K, 42 young (43008K), 4 survivors (4096K)
 Metaspace       used 91542K, committed 93504K, reserved 1179648K
  class space    used 13367K, committed 14272K, reserved 1048576K
}
Event: 22.172 GC heap after
{Heap after GC invocations=27 (full 0):
 garbage-first heap   total 138240K, used 83010K [0x0000000080000000, 0x0000000100000000)
  region size 1024K, 5 young (5120K), 5 survivors (5120K)
 Metaspace       used 91542K, committed 93504K, reserved 1179648K
  class space    used 13367K, committed 14272K, reserved 1048576K
}
Event: 22.887 GC heap before
{Heap before GC invocations=27 (full 0):
 garbage-first heap   total 138240K, used 129090K [0x0000000080000000, 0x0000000100000000)
  region size 1024K, 50 young (51200K), 5 survivors (5120K)
 Metaspace       used 95165K, committed 97088K, reserved 1179648K
  class space    used 13796K, committed 14720K, reserved 1048576K
}
Event: 22.913 GC heap after
{Heap after GC invocations=28 (full 0):
 garbage-first heap   total 148480K, used 94319K [0x0000000080000000, 0x0000000100000000)
  region size 1024K, 7 young (7168K), 7 survivors (7168K)
 Metaspace       used 95165K, committed 97088K, reserved 1179648K
  class space    used 13796K, committed 14720K, reserved 1048576K
}
Event: 23.463 GC heap before
{Heap before GC invocations=28 (full 0):
 garbage-first heap   total 148480K, used 131183K [0x0000000080000000, 0x0000000100000000)
  region size 1024K, 43 young (44032K), 7 survivors (7168K)
 Metaspace       used 96860K, committed 98816K, reserved 1179648K
  class space    used 13993K, committed 14912K, reserved 1048576K
}
Event: 23.476 GC heap after
{Heap after GC invocations=29 (full 0):
 garbage-first heap   total 148480K, used 101810K [0x0000000080000000, 0x0000000100000000)
  region size 1024K, 6 young (6144K), 6 survivors (6144K)
 Metaspace       used 96860K, committed 98816K, reserved 1179648K
  class space    used 13993K, committed 14912K, reserved 1048576K
}
Event: 24.416 GC heap before
{Heap before GC invocations=30 (full 0):
 garbage-first heap   total 171008K, used 130482K [0x0000000080000000, 0x0000000100000000)
  region size 1024K, 34 young (34816K), 6 survivors (6144K)
 Metaspace       used 100698K, committed 102720K, reserved 1179648K
  class space    used 14408K, committed 15360K, reserved 1048576K
}
Event: 24.425 GC heap after
{Heap after GC invocations=31 (full 0):
 garbage-first heap   total 171008K, used 103622K [0x0000000080000000, 0x0000000100000000)
  region size 1024K, 2 young (2048K), 2 survivors (2048K)
 Metaspace       used 100698K, committed 102720K, reserved 1179648K
  class space    used 14408K, committed 15360K, reserved 1048576K
}
Event: 25.588 GC heap before
{Heap before GC invocations=31 (full 0):
 garbage-first heap   total 171008K, used 150726K [0x0000000080000000, 0x0000000100000000)
  region size 1024K, 48 young (49152K), 2 survivors (2048K)
 Metaspace       used 105261K, committed 107264K, reserved 1179648K
  class space    used 14907K, committed 15872K, reserved 1048576K
}
Event: 25.595 GC heap after
{Heap after GC invocations=32 (full 0):
 garbage-first heap   total 171008K, used 106930K [0x0000000080000000, 0x0000000100000000)
  region size 1024K, 5 young (5120K), 5 survivors (5120K)
 Metaspace       used 105261K, committed 107264K, reserved 1179648K
  class space    used 14907K, committed 15872K, reserved 1048576K
}
Event: 26.833 GC heap before
{Heap before GC invocations=32 (full 0):
 garbage-first heap   total 171008K, used 151986K [0x0000000080000000, 0x0000000100000000)
  region size 1024K, 50 young (51200K), 5 survivors (5120K)
 Metaspace       used 111482K, committed 113408K, reserved 1179648K
  class space    used 15516K, committed 16448K, reserved 1048576K
}
Event: 26.839 GC heap after
{Heap after GC invocations=33 (full 0):
 garbage-first heap   total 205824K, used 108711K [0x0000000080000000, 0x0000000100000000)
  region size 1024K, 2 young (2048K), 2 survivors (2048K)
 Metaspace       used 111482K, committed 113408K, reserved 1179648K
  class space    used 15516K, committed 16448K, reserved 1048576K
}
Event: 28.496 GC heap before
{Heap before GC invocations=34 (full 0):
 garbage-first heap   total 205824K, used 183463K [0x0000000080000000, 0x0000000100000000)
  region size 1024K, 75 young (76800K), 2 survivors (2048K)
 Metaspace       used 119430K, committed 121408K, reserved 1179648K
  class space    used 16380K, committed 17344K, reserved 1048576K
}
Event: 28.505 GC heap after
{Heap after GC invocations=35 (full 0):
 garbage-first heap   total 205824K, used 114774K [0x0000000080000000, 0x0000000100000000)
  region size 1024K, 8 young (8192K), 8 survivors (8192K)
 Metaspace       used 119430K, committed 121408K, reserved 1179648K
  class space    used 16380K, committed 17344K, reserved 1048576K
}

