# JRE version: OpenJDK Runtime Environment (21.0.9) (build 21.0.9+-14787801-b1163.94)
# Java VM: OpenJDK 64-Bit Server VM (21.0.9+-14787801-b1163.94, mixed mode, tiered, compressed oops, compressed class ptrs, g1 gc, windows-amd64)
GC Precious Log:
 CardTable entry size: 512
 Card Set container configuration: InlinePtr #cards 5 size 8 Array Of Cards #cards 12 size 40 Howl #buckets 4 coarsen threshold 1843 Howl Bitmap #cards 512 size 80 coarsen threshold 460 Card regions per heap region 1 cards per card region 2048
 CPUs: 8 total, 8 available
 Memory: 7998M
 Large Page Support: Disabled
 NUMA Support: Disabled
 Compressed Oops: Enabled (32-bit)
 Heap Region Size: 1M
 Heap Min Capacity: 8M
 Heap Initial Capacity: 126M
 Heap Max Capacity: 2G
 Pre-touch: Disabled
 Parallel Workers: 8
 Concurrent Workers: 2
 Concurrent Refinement Workers: 8
 Periodic GC: Disabled
Heap:
 garbage-first heap   total 176128K, used 135467K [0x0000000080000000, 0x0000000100000000)
  region size 1024K, 28 young (28672K), 6 survivors (6144K)
 Metaspace       used 116392K, committed 118400K, reserved 1179648K
  class space    used 16008K, committed 16960K, reserved 1048576K
GC Heap History (20 events):
Event: 21.310 GC heap before
{Heap before GC invocations=24 (full 0):
 garbage-first heap   total 124928K, used 115748K [0x0000000080000000, 0x0000000100000000)
  region size 1024K, 43 young (44032K), 5 survivors (5120K)
 Metaspace       used 77840K, committed 79680K, reserved 1179648K
  class space    used 11571K, committed 12480K, reserved 1048576K
}
Event: 21.317 GC heap after
{Heap after GC invocations=25 (full 0):
 garbage-first heap   total 124928K, used 78660K [0x0000000080000000, 0x0000000100000000)
  region size 1024K, 4 young (4096K), 4 survivors (4096K)
 Metaspace       used 77840K, committed 79680K, reserved 1179648K
  class space    used 11571K, committed 12480K, reserved 1048576K
}
Event: 22.468 GC heap before
{Heap before GC invocations=26 (full 0):
 garbage-first heap   total 132096K, used 117572K [0x0000000080000000, 0x0000000100000000)
  region size 1024K, 42 young (43008K), 4 survivors (4096K)
 Metaspace       used 83695K, committed 85632K, reserved 1179648K
  class space    used 12301K, committed 13248K, reserved 1048576K
}
Event: 22.472 GC heap after
{Heap after GC invocations=27 (full 0):
 garbage-first heap   total 132096K, used 79432K [0x0000000080000000, 0x0000000100000000)
  region size 1024K, 3 young (3072K), 3 survivors (3072K)
 Metaspace       used 83695K, committed 85632K, reserved 1179648K
  class space    used 12301K, committed 13248K, reserved 1048576K
}
Event: 23.505 GC heap before
{Heap before GC invocations=27 (full 0):
 garbage-first heap   total 132096K, used 124488K [0x0000000080000000, 0x0000000100000000)
  region size 1024K, 47 young (48128K), 3 survivors (3072K)
 Metaspace       used 88555K, committed 90496K, reserved 1179648K
  class space    used 12926K, committed 13888K, reserved 1048576K
}
Event: 23.513 GC heap after
{Heap after GC invocations=28 (full 0):
 garbage-first heap   total 135168K, used 84782K [0x0000000080000000, 0x0000000100000000)
  region size 1024K, 6 young (6144K), 6 survivors (6144K)
 Metaspace       used 88555K, committed 90496K, reserved 1179648K
  class space    used 12926K, committed 13888K, reserved 1048576K
}
Event: 23.792 GC heap before
{Heap before GC invocations=28 (full 0):
 garbage-first heap   total 135168K, used 123694K [0x0000000080000000, 0x0000000100000000)
  region size 1024K, 44 young (45056K), 6 survivors (6144K)
 Metaspace       used 89036K, committed 91072K, reserved 1179648K
  class space    used 12975K, committed 13952K, reserved 1048576K
}
Event: 23.805 GC heap after
{Heap after GC invocations=29 (full 0):
 garbage-first heap   total 143360K, used 97597K [0x0000000080000000, 0x0000000100000000)
  region size 1024K, 6 young (6144K), 6 survivors (6144K)
 Metaspace       used 89036K, committed 91072K, reserved 1179648K
  class space    used 12975K, committed 13952K, reserved 1048576K
}
Event: 24.805 GC heap before
{Heap before GC invocations=30 (full 0):
 garbage-first heap   total 163840K, used 127293K [0x0000000080000000, 0x0000000100000000)
  region size 1024K, 35 young (35840K), 6 survivors (6144K)
 Metaspace       used 93158K, committed 95168K, reserved 1179648K
  class space    used 13418K, committed 14400K, reserved 1048576K
}
Event: 24.813 GC heap after
{Heap after GC invocations=31 (full 0):
 garbage-first heap   total 163840K, used 100566K [0x0000000080000000, 0x0000000100000000)
  region size 1024K, 2 young (2048K), 2 survivors (2048K)
 Metaspace       used 93158K, committed 95168K, reserved 1179648K
  class space    used 13418K, committed 14400K, reserved 1048576K
}
Event: 26.119 GC heap before
{Heap before GC invocations=31 (full 0):
 garbage-first heap   total 163840K, used 143574K [0x0000000080000000, 0x0000000100000000)
  region size 1024K, 44 young (45056K), 2 survivors (2048K)
 Metaspace       used 97363K, committed 99328K, reserved 1179648K
  class space    used 13915K, committed 14848K, reserved 1048576K
}
Event: 26.126 GC heap after
{Heap after GC invocations=32 (full 0):
 garbage-first heap   total 163840K, used 103881K [0x0000000080000000, 0x0000000100000000)
  region size 1024K, 6 young (6144K), 6 survivors (6144K)
 Metaspace       used 97363K, committed 99328K, reserved 1179648K
  class space    used 13915K, committed 14848K, reserved 1048576K
}
Event: 27.241 GC heap before
{Heap before GC invocations=32 (full 0):
 garbage-first heap   total 163840K, used 143817K [0x0000000080000000, 0x0000000100000000)
  region size 1024K, 46 young (47104K), 6 survivors (6144K)
 Metaspace       used 102597K, committed 104576K, reserved 1179648K
  class space    used 14393K, committed 15360K, reserved 1048576K
}
Event: 27.247 GC heap after
{Heap after GC invocations=33 (full 0):
 garbage-first heap   total 163840K, used 105091K [0x0000000080000000, 0x0000000100000000)
  region size 1024K, 1 young (1024K), 1 survivors (1024K)
 Metaspace       used 102597K, committed 104576K, reserved 1179648K
  class space    used 14393K, committed 15360K, reserved 1048576K
}
Event: 28.350 GC heap before
{Heap before GC invocations=34 (full 0):
 garbage-first heap   total 176128K, used 147075K [0x0000000080000000, 0x0000000100000000)
  region size 1024K, 43 young (44032K), 1 survivors (1024K)
 Metaspace       used 107282K, committed 109312K, reserved 1179648K
  class space    used 14910K, committed 15872K, reserved 1048576K
}
Event: 28.355 GC heap after
{Heap after GC invocations=35 (full 0):
 garbage-first heap   total 176128K, used 108409K [0x0000000080000000, 0x0000000100000000)
  region size 1024K, 5 young (5120K), 5 survivors (5120K)
 Metaspace       used 107282K, committed 109312K, reserved 1179648K
  class space    used 14910K, committed 15872K, reserved 1048576K
}
Event: 29.601 GC heap before
{Heap before GC invocations=35 (full 0):
 garbage-first heap   total 176128K, used 158585K [0x0000000080000000, 0x0000000100000000)
  region size 1024K, 54 young (55296K), 5 survivors (5120K)
 Metaspace       used 113024K, committed 115008K, reserved 1179648K
  class space    used 15534K, committed 16512K, reserved 1048576K
}
Event: 29.613 GC heap after
{Heap after GC invocations=36 (full 0):
 garbage-first heap   total 176128K, used 110890K [0x0000000080000000, 0x0000000100000000)
  region size 1024K, 7 young (7168K), 7 survivors (7168K)
 Metaspace       used 113024K, committed 115008K, reserved 1179648K
  class space    used 15534K, committed 16512K, reserved 1048576K
}
Event: 30.501 GC heap before
{Heap before GC invocations=36 (full 0):
 garbage-first heap   total 176128K, used 137514K [0x0000000080000000, 0x0000000100000000)
  region size 1024K, 34 young (34816K), 7 survivors (7168K)
 Metaspace       used 116324K, committed 118272K, reserved 1179648K
  class space    used 16008K, committed 16960K, reserved 1048576K
}
Event: 30.509 GC heap after
{Heap after GC invocations=37 (full 0):
 garbage-first heap   total 176128K, used 112939K [0x0000000080000000, 0x0000000100000000)
  region size 1024K, 6 young (6144K), 6 survivors (6144K)
 Metaspace       used 116324K, committed 118272K, reserved 1179648K
  class space    used 16008K, committed 16960K, reserved 1048576K
}

